2017-04-28 20:00:59.268 ruby[47584:4096991] 20:00:59.268 WARNING:  140: This application, or a library it uses, is using the deprecated Carbon Component Manager for hosting Audio Units. Support for this will be removed in a future release. Also, this makes the host incompatible with version 3 audio units. Please transition to the API's in AudioComponent.h.
Warning: Xing stream size off by more than 1%, fuzzy seeking may be even more fuzzy than by design!
Warning: Xing stream size off by more than 1%, fuzzy seeking may be even more fuzzy than by design!
adThread response: 200
D, [2017-04-28T20:01:44.672336 #47584] DEBUG -- : Player: play 232307064
D, [2017-04-28T20:01:44.672762 #47584] DEBUG -- : DownloadThread start
D, [2017-04-28T20:01:45.215059 #47584] DEBUG -- : DownloadThread response: 200
D, [2017-04-28T20:03:35.265927 #47584] DEBUG -- : Player: play 243065834
D, [2017-04-28T20:04:22.353650 #47584] DEBUG -- : Player: play 56946586
D, [2017-04-28T20:04:24.090001 #47584] DEBUG -- : Player: play 217054673
D, [2017-04-28T20:04:49.221377 #47584] DEBUG -- : Player: play 243064717
D, [2017-04-28T20:04:50.584061 #47584] DEBUG -- : Player: play 243064717
D, [2017-04-28T20:05:51.055095 #47584] DEBUG -- : Player: play 316540907
D, [2017-04-28T20:09:35.279452 #47584] DEBUG -- : Player: play 286606417
D, [2017-04-28T20:27:33.133828 #47584] DEBUG -- : Player: play 35014038
D, [2017-04-28T20:33:46.846729 #47584] DEBUG -- : Player: play 289281095
D, [2017-04-28T20:35:33.423314 #47584] DEBUG -- : Player: play 268515787
D, [2017-04-29T02:08:34.378499 #47584] DEBUG -- : Player: 1
D, [2017-04-29T02:08:35.249397 #47584] DEBUG -- : Player: 1
D, [2017-04-29T02:08:35.709181 #47584] DEBUG -- : Player: 1
